This is XeTeX, Version 3.1415926-2.4-0.9998 (TeX Live 2012) (format=xelatex 2012.8.31)  24 FEB 2014 14:01
entering extended mode
 restricted \write18 enabled.
 %&-line parsing enabled.
**main.tex
(./main.tex
LaTeX2e <2011/06/27>
Babel <v3.8m> and hyphenation patterns for english, dumylang, nohyphenation, ge
rman-x-2012-05-30, ngerman-x-2012-05-30, afrikaans, ancientgreek, ibycus, arabi
c, armenian, basque, bulgarian, catalan, pinyin, coptic, croatian, czech, danis
h, dutch, ukenglish, usenglishmax, esperanto, estonian, ethiopic, farsi, finnis
h, french, friulan, galician, german, ngerman, swissgerman, monogreek, greek, h
ungarian, icelandic, assamese, bengali, gujarati, hindi, kannada, malayalam, ma
rathi, oriya, panjabi, tamil, telugu, indonesian, interlingua, irish, italian, 
kurmanji, latin, latvian, lithuanian, mongolian, mongolianlmc, bokmal, nynorsk,
 polish, portuguese, romanian, romansh, russian, sanskrit, serbian, serbianc, s
lovak, slovenian, spanish, swedish, turkish, turkmen, ukrainian, uppersorbian, 
welsh, loaded.
(./Thesis.cls
Document Class: Thesis 2007/22/02 v1.0 LaTeX document class
(/home/nicola/texlive/2012/texmf-dist/tex/latex/base/book.cls
Document Class: book 2007/10/19 v1.4h Standard LaTeX document class
(/home/nicola/texlive/2012/texmf-dist/tex/latex/base/bk11.clo
File: bk11.clo 2007/10/19 v1.4h Standard LaTeX file (size option)
)
\c@part=\count80
\c@chapter=\count81
\c@section=\count82
\c@subsection=\count83
\c@subsubsection=\count84
\c@paragraph=\count85
\c@subparagraph=\count86
\c@figure=\count87
\c@table=\count88
\abovecaptionskip=\skip41
\belowcaptionskip=\skip42
\bibindent=\dimen102
)
(/home/nicola/texlive/2012/texmf-dist/tex/latex/setspace/setspace.sty
Package: setspace 2011/12/19 v6.7a set line spacing
)
(/home/nicola/texlive/2012/texmf-dist/tex/latex/vmargin/vmargin.sty
Package: vmargin 2004/07/15 V2.5 set document margins (VK)

Package: vmargin 2004/07/15 V2.5 set document margins (VK)
\PaperWidth=\dimen103
\PaperHeight=\dimen104
) (/home/nicola/texlive/2012/texmf-dist/tex/latex/base/inputenc.sty
Package: inputenc 2008/03/30 v1.1d Input encoding file
\inpenc@prehook=\toks14
\inpenc@posthook=\toks15

(/home/nicola/texlive/2012/texmf-dist/tex/latex/base/utf8.def
File: utf8.def 2008/04/05 v1.1m UTF-8 support for inputenc
Now handling font encoding OML ...
... no UTF-8 mapping file for font encoding OML
Now handling font encoding T1 ...
... processing UTF-8 mapping file for font encoding T1

(/home/nicola/texlive/2012/texmf-dist/tex/latex/base/t1enc.dfu
File: t1enc.dfu 2008/04/05 v1.1m UTF-8 support for inputenc
   defining Unicode char U+00A1 (decimal 161)
   defining Unicode char U+00A3 (decimal 163)
   defining Unicode char U+00AB (decimal 171)
   defining Unicode char U+00BB (decimal 187)
   defining Unicode char U+00BF (decimal 191)
   defining Unicode char U+00C0 (decimal 192)
   defining Unicode char U+00C1 (decimal 193)
   defining Unicode char U+00C2 (decimal 194)
   defining Unicode char U+00C3 (decimal 195)
   defining Unicode char U+00C4 (decimal 196)
   defining Unicode char U+00C5 (decimal 197)
   defining Unicode char U+00C6 (decimal 198)
   defining Unicode char U+00C7 (decimal 199)
   defining Unicode char U+00C8 (decimal 200)
   defining Unicode char U+00C9 (decimal 201)
   defining Unicode char U+00CA (decimal 202)
   defining Unicode char U+00CB (decimal 203)
   defining Unicode char U+00CC (decimal 204)
   defining Unicode char U+00CD (decimal 205)
   defining Unicode char U+00CE (decimal 206)
   defining Unicode char U+00CF (decimal 207)
   defining Unicode char U+00D0 (decimal 208)
   defining Unicode char U+00D1 (decimal 209)
   defining Unicode char U+00D2 (decimal 210)
   defining Unicode char U+00D3 (decimal 211)
   defining Unicode char U+00D4 (decimal 212)
   defining Unicode char U+00D5 (decimal 213)
   defining Unicode char U+00D6 (decimal 214)
   defining Unicode char U+00D8 (decimal 216)
   defining Unicode char U+00D9 (decimal 217)
   defining Unicode char U+00DA (decimal 218)
   defining Unicode char U+00DB (decimal 219)
   defining Unicode char U+00DC (decimal 220)
   defining Unicode char U+00DD (decimal 221)
   defining Unicode char U+00DE (decimal 222)
   defining Unicode char U+00DF (decimal 223)
   defining Unicode char U+00E0 (decimal 224)
   defining Unicode char U+00E1 (decimal 225)
   defining Unicode char U+00E2 (decimal 226)
   defining Unicode char U+00E3 (decimal 227)
   defining Unicode char U+00E4 (decimal 228)
   defining Unicode char U+00E5 (decimal 229)
   defining Unicode char U+00E6 (decimal 230)
   defining Unicode char U+00E7 (decimal 231)
   defining Unicode char U+00E8 (decimal 232)
   defining Unicode char U+00E9 (decimal 233)
   defining Unicode char U+00EA (decimal 234)
   defining Unicode char U+00EB (decimal 235)
   defining Unicode char U+00EC (decimal 236)
   defining Unicode char U+00ED (decimal 237)
   defining Unicode char U+00EE (decimal 238)
   defining Unicode char U+00EF (decimal 239)
   defining Unicode char U+00F0 (decimal 240)
   defining Unicode char U+00F1 (decimal 241)
   defining Unicode char U+00F2 (decimal 242)
   defining Unicode char U+00F3 (decimal 243)
   defining Unicode char U+00F4 (decimal 244)
   defining Unicode char U+00F5 (decimal 245)
   defining Unicode char U+00F6 (decimal 246)
   defining Unicode char U+00F8 (decimal 248)
   defining Unicode char U+00F9 (decimal 249)
   defining Unicode char U+00FA (decimal 250)
   defining Unicode char U+00FB (decimal 251)
   defining Unicode char U+00FC (decimal 252)
   defining Unicode char U+00FD (decimal 253)
   defining Unicode char U+00FE (decimal 254)
   defining Unicode char U+00FF (decimal 255)
   defining Unicode char U+0102 (decimal 258)
   defining Unicode char U+0103 (decimal 259)
   defining Unicode char U+0104 (decimal 260)
   defining Unicode char U+0105 (decimal 261)
   defining Unicode char U+0106 (decimal 262)
   defining Unicode char U+0107 (decimal 263)
   defining Unicode char U+010C (decimal 268)
   defining Unicode char U+010D (decimal 269)
   defining Unicode char U+010E (decimal 270)
   defining Unicode char U+010F (decimal 271)
   defining Unicode char U+0110 (decimal 272)
   defining Unicode char U+0111 (decimal 273)
   defining Unicode char U+0118 (decimal 280)
   defining Unicode char U+0119 (decimal 281)
   defining Unicode char U+011A (decimal 282)
   defining Unicode char U+011B (decimal 283)
   defining Unicode char U+011E (decimal 286)
   defining Unicode char U+011F (decimal 287)
   defining Unicode char U+0130 (decimal 304)
   defining Unicode char U+0131 (decimal 305)
   defining Unicode char U+0132 (decimal 306)
   defining Unicode char U+0133 (decimal 307)
   defining Unicode char U+0139 (decimal 313)
   defining Unicode char U+013A (decimal 314)
   defining Unicode char U+013D (decimal 317)
   defining Unicode char U+013E (decimal 318)
   defining Unicode char U+0141 (decimal 321)
   defining Unicode char U+0142 (decimal 322)
   defining Unicode char U+0143 (decimal 323)
   defining Unicode char U+0144 (decimal 324)
   defining Unicode char U+0147 (decimal 327)
   defining Unicode char U+0148 (decimal 328)
   defining Unicode char U+014A (decimal 330)
   defining Unicode char U+014B (decimal 331)
   defining Unicode char U+0150 (decimal 336)
   defining Unicode char U+0151 (decimal 337)
   defining Unicode char U+0152 (decimal 338)
   defining Unicode char U+0153 (decimal 339)
   defining Unicode char U+0154 (decimal 340)
   defining Unicode char U+0155 (decimal 341)
   defining Unicode char U+0158 (decimal 344)
   defining Unicode char U+0159 (decimal 345)
   defining Unicode char U+015A (decimal 346)
   defining Unicode char U+015B (decimal 347)
   defining Unicode char U+015E (decimal 350)
   defining Unicode char U+015F (decimal 351)
   defining Unicode char U+0160 (decimal 352)
   defining Unicode char U+0161 (decimal 353)
   defining Unicode char U+0162 (decimal 354)
   defining Unicode char U+0163 (decimal 355)
   defining Unicode char U+0164 (decimal 356)
   defining Unicode char U+0165 (decimal 357)
   defining Unicode char U+016E (decimal 366)
   defining Unicode char U+016F (decimal 367)
   defining Unicode char U+0170 (decimal 368)
   defining Unicode char U+0171 (decimal 369)
   defining Unicode char U+0178 (decimal 376)
   defining Unicode char U+0179 (decimal 377)
   defining Unicode char U+017A (decimal 378)
   defining Unicode char U+017B (decimal 379)
   defining Unicode char U+017C (decimal 380)
   defining Unicode char U+017D (decimal 381)
   defining Unicode char U+017E (decimal 382)
   defining Unicode char U+200C (decimal 8204)
   defining Unicode char U+2013 (decimal 8211)
   defining Unicode char U+2014 (decimal 8212)
   defining Unicode char U+2018 (decimal 8216)
   defining Unicode char U+2019 (decimal 8217)
   defining Unicode char U+201A (decimal 8218)
   defining Unicode char U+201C (decimal 8220)
   defining Unicode char U+201D (decimal 8221)
   defining Unicode char U+201E (decimal 8222)
   defining Unicode char U+2030 (decimal 8240)
   defining Unicode char U+2031 (decimal 8241)
   defining Unicode char U+2039 (decimal 8249)
   defining Unicode char U+203A (decimal 8250)
   defining Unicode char U+2423 (decimal 9251)
)
Now handling font encoding OT1 ...
... processing UTF-8 mapping file for font encoding OT1

(/home/nicola/texlive/2012/texmf-dist/tex/latex/base/ot1enc.dfu
File: ot1enc.dfu 2008/04/05 v1.1m UTF-8 support for inputenc
   defining Unicode char U+00A1 (decimal 161)
   defining Unicode char U+00A3 (decimal 163)
   defining Unicode char U+00B8 (decimal 184)
   defining Unicode char U+00BF (decimal 191)
   defining Unicode char U+00C5 (decimal 197)
   defining Unicode char U+00C6 (decimal 198)
   defining Unicode char U+00D8 (decimal 216)
   defining Unicode char U+00DF (decimal 223)
   defining Unicode char U+00E6 (decimal 230)
   defining Unicode char U+00EC (decimal 236)
   defining Unicode char U+00ED (decimal 237)
   defining Unicode char U+00EE (decimal 238)
   defining Unicode char U+00EF (decimal 239)
   defining Unicode char U+00F8 (decimal 248)
   defining Unicode char U+0131 (decimal 305)
   defining Unicode char U+0141 (decimal 321)
   defining Unicode char U+0142 (decimal 322)
   defining Unicode char U+0152 (decimal 338)
   defining Unicode char U+0153 (decimal 339)
   defining Unicode char U+2013 (decimal 8211)
   defining Unicode char U+2014 (decimal 8212)
   defining Unicode char U+2018 (decimal 8216)
   defining Unicode char U+2019 (decimal 8217)
   defining Unicode char U+201C (decimal 8220)
   defining Unicode char U+201D (decimal 8221)
)
Now handling font encoding OMS ...
... processing UTF-8 mapping file for font encoding OMS

(/home/nicola/texlive/2012/texmf-dist/tex/latex/base/omsenc.dfu
File: omsenc.dfu 2008/04/05 v1.1m UTF-8 support for inputenc
   defining Unicode char U+00A7 (decimal 167)
   defining Unicode char U+00B6 (decimal 182)
   defining Unicode char U+00B7 (decimal 183)
   defining Unicode char U+2020 (decimal 8224)
   defining Unicode char U+2021 (decimal 8225)
   defining Unicode char U+2022 (decimal 8226)
)
Now handling font encoding OMX ...
... no UTF-8 mapping file for font encoding OMX
Now handling font encoding U ...
... no UTF-8 mapping file for font encoding U
   defining Unicode char U+00A9 (decimal 169)
   defining Unicode char U+00AA (decimal 170)
   defining Unicode char U+00AE (decimal 174)
   defining Unicode char U+00BA (decimal 186)
   defining Unicode char U+02C6 (decimal 710)
   defining Unicode char U+02DC (decimal 732)
   defining Unicode char U+200C (decimal 8204)
   defining Unicode char U+2026 (decimal 8230)
   defining Unicode char U+2122 (decimal 8482)
   defining Unicode char U+2423 (decimal 9251)
))
(/home/nicola/texlive/2012/texmf-dist/tex/latex/fancyhdr/fancyhdr.sty
\fancy@headwidth=\skip43
\f@ncyO@elh=\skip44
\f@ncyO@erh=\skip45
\f@ncyO@olh=\skip46
\f@ncyO@orh=\skip47
\f@ncyO@elf=\skip48
\f@ncyO@erf=\skip49
\f@ncyO@olf=\skip50
\f@ncyO@orf=\skip51
)
(/home/nicola/texlive/2012/texmf-dist/tex/latex/amsmath/amsmath.sty
Package: amsmath 2000/07/18 v2.13 AMS math features
\@mathmargin=\skip52

For additional information on amsmath, use the `?' option.
(/home/nicola/texlive/2012/texmf-dist/tex/latex/amsmath/amstext.sty
Package: amstext 2000/06/29 v2.01

(/home/nicola/texlive/2012/texmf-dist/tex/latex/amsmath/amsgen.sty
File: amsgen.sty 1999/11/30 v2.0
\@emptytoks=\toks16
\ex@=\dimen105
))
(/home/nicola/texlive/2012/texmf-dist/tex/latex/amsmath/amsbsy.sty
Package: amsbsy 1999/11/29 v1.2d
\pmbraise@=\dimen106
)
(/home/nicola/texlive/2012/texmf-dist/tex/latex/amsmath/amsopn.sty
Package: amsopn 1999/12/14 v2.01 operator names
)
\inf@bad=\count89
LaTeX Info: Redefining \frac on input line 211.
\uproot@=\count90
\leftroot@=\count91
LaTeX Info: Redefining \overline on input line 307.
\classnum@=\count92
\DOTSCASE@=\count93
LaTeX Info: Redefining \ldots on input line 379.
LaTeX Info: Redefining \dots on input line 382.
LaTeX Info: Redefining \cdots on input line 467.
\Mathstrutbox@=\box26
\strutbox@=\box27
\big@size=\dimen107
LaTeX Font Info:    Redeclaring font encoding OML on input line 567.
LaTeX Font Info:    Redeclaring font encoding OMS on input line 568.
\macc@depth=\count94
\c@MaxMatrixCols=\count95
\dotsspace@=\muskip10
\c@parentequation=\count96
\dspbrk@lvl=\count97
\tag@help=\toks17
\row@=\count98
\column@=\count99
\maxfields@=\count100
\andhelp@=\toks18
\eqnshift@=\dimen108
\alignsep@=\dimen109
\tagshift@=\dimen110
\tagwidth@=\dimen111
\totwidth@=\dimen112
\lineht@=\dimen113
\@envbody=\toks19
\multlinegap=\skip53
\multlinetaggap=\skip54
\mathdisplay@stack=\toks20
LaTeX Info: Redefining \[ on input line 2666.
LaTeX Info: Redefining \] on input line 2667.
)
(/home/nicola/texlive/2012/texmf-dist/tex/latex/amsfonts/amsfonts.sty
Package: amsfonts 2009/06/22 v3.00 Basic AMSFonts support
\symAMSa=\mathgroup4
\symAMSb=\mathgroup5
LaTeX Font Info:    Overwriting math alphabet `\mathfrak' in version `bold'
(Font)                  U/euf/m/n --> U/euf/b/n on input line 96.
)
(/home/nicola/texlive/2012/texmf-dist/tex/latex/amsfonts/amssymb.sty
Package: amssymb 2009/06/22 v3.00
)
(/home/nicola/texlive/2012/texmf-dist/tex/latex/amsmath/amscd.sty
Package: amscd 1999/11/29 v1.2d
\athelp@=\toks21
\minaw@=\dimen114
\bigaw@=\dimen115
\minCDarrowwidth=\dimen116
)
(/home/nicola/texlive/2012/texmf-dist/tex/latex/amscls/amsthm.sty
Package: amsthm 2009/07/02 v2.20.1
\thm@style=\toks22
\thm@bodyfont=\toks23
\thm@headfont=\toks24
\thm@notefont=\toks25
\thm@headpunct=\toks26
\thm@preskip=\skip55
\thm@postskip=\skip56
\thm@headsep=\skip57
\dth@everypar=\toks27
)
(/home/nicola/texlive/2012/texmf-dist/tex/latex/tools/xspace.sty
Package: xspace 2009/10/20 v1.13 Space after command names (DPC,MH)
)
\c@example=\count101
\c@theorem=\count102

(/home/nicola/texlive/2012/texmf-dist/tex/latex/caption/caption.sty
Package: caption 2012/02/19 v3.2f Customizing captions (AR)

(/home/nicola/texlive/2012/texmf-dist/tex/latex/caption/caption3.sty
Package: caption3 2012/01/12 v1.4b caption3 kernel (AR)

(/home/nicola/texlive/2012/texmf-dist/tex/latex/graphics/keyval.sty
Package: keyval 1999/03/16 v1.13 key=value parser (DPC)
\KV@toks@=\toks28
)
\captionmargin=\dimen117
\captionmargin@=\dimen118
\captionwidth=\dimen119
\caption@indent=\dimen120
\caption@parindent=\dimen121
\caption@hangindent=\dimen122
)
\c@ContinuedFloat=\count103
)
(/home/nicola/texlive/2012/texmf-dist/tex/latex/graphics/graphicx.sty
Package: graphicx 1999/02/16 v1.0f Enhanced LaTeX Graphics (DPC,SPQR)

(/home/nicola/texlive/2012/texmf-dist/tex/latex/graphics/graphics.sty
Package: graphics 2009/02/05 v1.0o Standard LaTeX Graphics (DPC,SPQR)

(/home/nicola/texlive/2012/texmf-dist/tex/latex/graphics/trig.sty
Package: trig 1999/03/16 v1.09 sin cos tan (DPC)
)
(/home/nicola/texlive/2012/texmf-dist/tex/latex/latexconfig/graphics.cfg
File: graphics.cfg 2010/04/23 v1.9 graphics configuration of TeX Live
)
Package graphics Info: Driver file: xetex.def on input line 91.

(/home/nicola/texlive/2012/texmf-dist/tex/xelatex/xetex-def/xetex.def
File: xetex.def 2009/11/22 v0.94 LaTeX color/graphics driver for XeTeX (RRM/JK)

))
\Gin@req@height=\dimen123
\Gin@req@width=\dimen124
)
(/home/nicola/texlive/2012/texmf-dist/tex/latex/oberdiek/epstopdf.sty
Package: epstopdf 2010/02/09 v2.5 Conversion with epstopdf on the fly (HO)

(/home/nicola/texlive/2012/texmf-dist/tex/latex/oberdiek/epstopdf-base.sty
Package: epstopdf-base 2010/02/09 v2.5 Base part for package epstopdf

(/home/nicola/texlive/2012/texmf-dist/tex/generic/oberdiek/infwarerr.sty
Package: infwarerr 2010/04/08 v1.3 Providing info/warning/error messages (HO)
)
(/home/nicola/texlive/2012/texmf-dist/tex/latex/oberdiek/grfext.sty
Package: grfext 2010/08/19 v1.1 Manage graphics extensions (HO)

(/home/nicola/texlive/2012/texmf-dist/tex/generic/oberdiek/kvdefinekeys.sty
Package: kvdefinekeys 2011/04/07 v1.3 Define keys (HO)

(/home/nicola/texlive/2012/texmf-dist/tex/generic/oberdiek/ltxcmds.sty
Package: ltxcmds 2011/11/09 v1.22 LaTeX kernel commands for general use (HO)
)))
(/home/nicola/texlive/2012/texmf-dist/tex/latex/oberdiek/kvoptions.sty
Package: kvoptions 2011/06/30 v3.11 Key value format for package options (HO)

(/home/nicola/texlive/2012/texmf-dist/tex/generic/oberdiek/kvsetkeys.sty
Package: kvsetkeys 2012/04/25 v1.16 Key value parser (HO)

(/home/nicola/texlive/2012/texmf-dist/tex/generic/oberdiek/etexcmds.sty
Package: etexcmds 2011/02/16 v1.5 Avoid name clashes with e-TeX commands (HO)

(/home/nicola/texlive/2012/texmf-dist/tex/generic/oberdiek/ifluatex.sty
Package: ifluatex 2010/03/01 v1.3 Provides the ifluatex switch (HO)
Package ifluatex Info: LuaTeX not detected.
)
Package etexcmds Info: Could not find \expanded.
(etexcmds)             That can mean that you are not using pdfTeX 1.50 or
(etexcmds)             that some package has redefined \expanded.
(etexcmds)             In the latter case, load this package earlier.
)))
(/home/nicola/texlive/2012/texmf-dist/tex/generic/oberdiek/pdftexcmds.sty
Package: pdftexcmds 2011/11/29 v0.20 Utility functions of pdfTeX for LuaTeX (HO
)

(/home/nicola/texlive/2012/texmf-dist/tex/generic/oberdiek/ifpdf.sty
Package: ifpdf 2011/01/30 v2.3 Provides the ifpdf switch (HO)
Package ifpdf Info: pdfTeX in PDF mode is not detected.
)
Package pdftexcmds Info: LuaTeX not detected.
Package pdftexcmds Info: pdfTeX >= 1.30 not detected.
Package pdftexcmds Info: \pdf@primitive is available.
Package pdftexcmds Info: \pdf@ifprimitive is available.
Package pdftexcmds Info: \pdfdraftmode not found.
)

Package epstopdf Warning: Drivers other than `pdftex.def' are not supported.

)) (/home/nicola/texlive/2012/texmf-dist/tex/latex/booktabs/booktabs.sty
Package: booktabs 2005/04/14 v1.61803 publication quality tables
\heavyrulewidth=\dimen125
\lightrulewidth=\dimen126
\cmidrulewidth=\dimen127
\belowrulesep=\dimen128
\belowbottomsep=\dimen129
\aboverulesep=\dimen130
\abovetopsep=\dimen131
\cmidrulesep=\dimen132
\cmidrulekern=\dimen133
\defaultaddspace=\dimen134
\@cmidla=\count104
\@cmidlb=\count105
\@aboverulesep=\dimen135
\@belowrulesep=\dimen136
\@thisruleclass=\count106
\@lastruleclass=\count107
\@thisrulewidth=\dimen137
)
(/home/nicola/texlive/2012/texmf-dist/tex/latex/rotating/rotating.sty
Package: rotating 2009/03/28 v2.16a rotated objects in LaTeX

(/home/nicola/texlive/2012/texmf-dist/tex/latex/base/ifthen.sty
Package: ifthen 2001/05/26 v1.1c Standard LaTeX ifthen package (DPC)
)
\c@r@tfl@t=\count108
\rotFPtop=\skip58
\rotFPbot=\skip59
\rot@float@box=\box28
\rot@mess@toks=\toks29
)
(/home/nicola/texlive/2012/texmf-dist/tex/latex/listings/listings.sty
\lst@mode=\count109
\lst@gtempboxa=\box29
\lst@token=\toks30
\lst@length=\count110
\lst@currlwidth=\dimen138
\lst@column=\count111
\lst@pos=\count112
\lst@lostspace=\dimen139
\lst@width=\dimen140
\lst@newlines=\count113
\lst@lineno=\count114
\lst@maxwidth=\dimen141

(./lstpatch.sty

***
*** This is a patch for listings 1.3, but you're using
*** version 1.4.
***
*** Patch file not loaded.
***

) (/home/nicola/texlive/2012/texmf-dist/tex/latex/listings/lstmisc.sty
File: lstmisc.sty 2007/02/22 1.4 (Carsten Heinz)
\c@lstnumber=\count115
\lst@skipnumbers=\count116
\lst@framebox=\box30
)
(/home/nicola/texlive/2012/texmf-dist/tex/latex/listings/listings.cfg
File: listings.cfg 2007/02/22 1.4 listings configuration
))
Package: listings 2007/02/22 1.4 (Carsten Heinz)

(./lstpatch.sty

***
*** This is a patch for listings 1.3, but you're using
*** version 1.4.
***
 *** Patch file not loaded.
***

) (/home/nicola/texlive/2012/texmf-dist/tex/latex/hyperref/hyperref.sty
Package: hyperref 2012/05/13 v6.82q Hypertext links for LaTeX

(/home/nicola/texlive/2012/texmf-dist/tex/generic/oberdiek/hobsub-hyperref.sty
Package: hobsub-hyperref 2012/05/28 v1.13 Bundle oberdiek, subset hyperref (HO)


(/home/nicola/texlive/2012/texmf-dist/tex/generic/oberdiek/hobsub-generic.sty
Package: hobsub-generic 2012/05/28 v1.13 Bundle oberdiek, subset generic (HO)
Package: hobsub 2012/05/28 v1.13 Construct package bundles (HO)
Package hobsub Info: Skipping package `infwarerr' (already loaded).
Package hobsub Info: Skipping package `ltxcmds' (already loaded).
Package hobsub Info: Skipping package `ifluatex' (already loaded).
Package: ifvtex 2010/03/01 v1.5 Detect VTeX and its facilities (HO)
Package ifvtex Info: VTeX not detected.
Package: intcalc 2007/09/27 v1.1 Expandable calculations with integers (HO)
Package hobsub Info: Skipping package `ifpdf' (already loaded).
Package hobsub Info: Skipping package `etexcmds' (already loaded).
Package hobsub Info: Skipping package `kvsetkeys' (already loaded).
Package hobsub Info: Skipping package `kvdefinekeys' (already loaded).
Package hobsub Info: Skipping package `pdftexcmds' (already loaded).
Package: pdfescape 2011/11/25 v1.13 Implements pdfTeX's escape features (HO)
Package: bigintcalc 2012/04/08 v1.3 Expandable calculations on big integers (HO
)
Package: bitset 2011/01/30 v1.1 Handle bit-vector datatype (HO)
Package: uniquecounter 2011/01/30 v1.2 Provide unlimited unique counter (HO)
)
Package hobsub Info: Skipping package `hobsub' (already loaded).
Package: letltxmacro 2010/09/02 v1.4 Let assignment for LaTeX macros (HO)
Package: hopatch 2012/05/28 v1.2 Wrapper for package hooks (HO)
Package: xcolor-patch 2011/01/30 xcolor patch
Package: atveryend 2011/06/30 v1.8 Hooks at the very end of document (HO)
Package atveryend Info: \enddocument detected (standard20110627).
Package: atbegshi 2011/10/05 v1.16 At begin shipout hook (HO)
Package: refcount 2011/10/16 v3.4 Data extraction from label references (HO)
Package: hycolor 2011/01/30 v1.7 Color options for hyperref/bookmark (HO)
) (/home/nicola/texlive/2012/texmf-dist/tex/generic/ifxetex/ifxetex.sty
Package: ifxetex 2010/09/12 v0.6 Provides ifxetex conditional
)
\@linkdim=\dimen142
\Hy@linkcounter=\count117
\Hy@pagecounter=\count118

(/home/nicola/texlive/2012/texmf-dist/tex/latex/hyperref/pd1enc.def
File: pd1enc.def 2012/05/13 v6.82q Hyperref: PDFDocEncoding definition (HO)
Now handling font encoding PD1 ...
... no UTF-8 mapping file for font encoding PD1
)
\Hy@SavedSpaceFactor=\count119

(/home/nicola/texlive/2012/texmf-dist/tex/xelatex/xetexconfig/hyperref.cfg
File: hyperref.cfg 2008/07/11 v1.2 hyperref configuration for XeLaTeX
)
Package hyperref Info: Option `bookmarks' set `true' on input line 3941.
Package hyperref Info: Option `bookmarksopen' set `true' on input line 3941.
Package hyperref Info: Option `bookmarksnumbered' set `true' on input line 3941
.
Package hyperref Info: Option `hypertexnames' set `false' on input line 3941.
Package hyperref Info: Option `colorlinks' set `true' on input line 3941.
Package hyperref Info: Option `unicode' set `true' on input line 3941.

(/home/nicola/texlive/2012/texmf-dist/tex/latex/hyperref/puenc.def
File: puenc.def 2012/05/13 v6.82q Hyperref: PDF Unicode definition (HO)
Now handling font encoding PU ...
... no UTF-8 mapping file for font encoding PU
)
Package hyperref Info: Option `breaklinks' set `true' on input line 3941.
Package hyperref Info: Hyper figures OFF on input line 4062.
Package hyperref Info: Link nesting OFF on input line 4067.
Package hyperref Info: Hyper index ON on input line 4070.
Package hyperref Info: Plain pages OFF on input line 4077.
Package hyperref Info: Backreferencing OFF on input line 4082.
Package hyperref Info: Implicit mode ON; LaTeX internals redefined.
Package hyperref Info: Bookmarks ON on input line 4300.
\c@Hy@tempcnt=\count120

(/home/nicola/texlive/2012/texmf-dist/tex/latex/url/url.sty
\Urlmuskip=\muskip11
Package: url 2006/04/12  ver 3.3  Verb mode for urls, etc.
)
LaTeX Info: Redefining \url on input line 4653.
\Fld@menulength=\count121
\Field@Width=\dimen143
\Fld@charsize=\dimen144
Package hyperref Info: Hyper figures OFF on input line 5773.
Package hyperref Info: Link nesting OFF on input line 5778.
Package hyperref Info: Hyper index ON on input line 5781.
Package hyperref Info: backreferencing OFF on input line 5788.
Package hyperref Info: Link coloring ON on input line 5791.
Package hyperref Info: Link coloring with OCG OFF on input line 5798.
Package hyperref Info: PDF/A mode OFF on input line 5803.
LaTeX Info: Redefining \ref on input line 5843.
LaTeX Info: Redefining \pageref on input line 5847.
\Hy@abspage=\count122
\c@Item=\count123
\c@Hfootnote=\count124
)

Package hyperref Message: Driver (autodetected): hxetex.

(/home/nicola/texlive/2012/texmf-dist/tex/latex/hyperref/hxetex.def
File: hxetex.def 2012/05/13 v6.82q Hyperref driver for XeTeX

(/home/nicola/texlive/2012/texmf-dist/tex/generic/oberdiek/stringenc.sty
Package: stringenc 2011/12/02 v1.10 Convert strings between diff. encodings (HO
)
)
\pdfm@box=\box31
\c@Hy@AnnotLevel=\count125
\HyField@AnnotCount=\count126
\Fld@listcount=\count127
\c@bookmark@seq@number=\count128

(/home/nicola/texlive/2012/texmf-dist/tex/latex/oberdiek/rerunfilecheck.sty
Package: rerunfilecheck 2011/04/15 v1.7 Rerun checks for auxiliary files (HO)
Package rerunfilecheck Info: Feature \pdfmdfivesum is not available
(rerunfilecheck)             (e.g. pdfTeX or LuaTeX with package `pdftexcmds').

(rerunfilecheck)             Therefore file contents cannot be checked efficien
tly
(rerunfilecheck)             and the loading of the package is aborted.
)
\Hy@SectionHShift=\skip60
)
\c@dummy=\count129

(/home/nicola/texlive/2012/texmf-dist/tex/latex/tools/longtable.sty
Package: longtable 2004/02/01 v4.11 Multi-page Table package (DPC)
\LTleft=\skip61
\LTright=\skip62
\LTpre=\skip63
\LTpost=\skip64
\LTchunksize=\count130
\LTcapwidth=\dimen145
\LT@head=\box32
\LT@firsthead=\box33
\LT@foot=\box34
\LT@lastfoot=\box35
\LT@cols=\count131
\LT@rows=\count132
\c@LT@tables=\count133
\c@LT@chunks=\count134
\LT@p@ftn=\toks31
))
(/home/nicola/texlive/2012/texmf-dist/tex/latex/natbib/natbib.sty
Package: natbib 2010/09/13 8.31b (PWD, AO)
\bibhang=\skip65
\bibsep=\skip66
LaTeX Info: Redefining \cite on input line 694.
\c@NAT@ctr=\count135
)
(/home/nicola/texlive/2012/texmf-dist/tex/latex/fontspec/fontspec.sty
Package: fontspec 2012/05/06 v2.2b Advanced font selection for XeLaTeX/LuaLaTeX


(/home/nicola/texlive/2012/texmf-dist/tex/latex/l3kernel/expl3.sty
(/home/nicola/texlive/2012/texmf-dist/tex/latex/l3kernel/l3names.sty
(/home/nicola/texlive/2012/texmf-dist/tex/latex/l3kernel/l3bootstrap.sty
Package: l3bootstrap 2011/12/29 v3110 L3 Experimental bootstrap code
)
Package: l3names 2012/03/04 v3494 L3 Experimental namespace for primitives
)
(/home/nicola/texlive/2012/texmf-dist/tex/latex/etex-pkg/etex.sty
Package: etex 1998/03/26 v2.0 eTeX basic definition package (PEB)
\et@xins=\count136
)
Package: expl3 2012/04/23 v3570 L3 Experimental code bundle wrapper

(/home/nicola/texlive/2012/texmf-dist/tex/latex/graphics/color.sty
Package: color 2005/11/14 v1.0j Standard LaTeX Color (DPC)

(/home/nicola/texlive/2012/texmf-dist/tex/latex/latexconfig/color.cfg
File: color.cfg 2007/01/18 v1.5 color configuration of teTeX/TeXLive
)
Package color Info: Driver file: xetex.def on input line 130.
)
(/home/nicola/texlive/2012/texmf-dist/tex/latex/l3kernel/l3basics.sty
Package: l3basics 2012/03/04 v3491 L3 Experimental basic definitions
)
(/home/nicola/texlive/2012/texmf-dist/tex/latex/l3kernel/l3expan.sty
Package: l3expan 2012/02/26 v3460 L3 Experimental argument expansion
)
(/home/nicola/texlive/2012/texmf-dist/tex/latex/l3kernel/l3tl.sty
Package: l3tl 2012/03/04 v3490 L3 Experimental token lists
)
(/home/nicola/texlive/2012/texmf-dist/tex/latex/l3kernel/l3seq.sty
Package: l3seq 2012/03/04 v3490 L3 Experimental sequences and stacks
)
(/home/nicola/texlive/2012/texmf-dist/tex/latex/l3kernel/l3int.sty
Package: l3int 2012/03/04 v3490 L3 Experimental integers
\c_max_int=\count137
\l_tmpa_int=\count138
\l_tmpb_int=\count139
\l_tmpc_int=\count140
\g_tmpa_int=\count141
\g_tmpb_int=\count142
)
(/home/nicola/texlive/2012/texmf-dist/tex/latex/l3kernel/l3quark.sty
Package: l3quark 2012/02/12 v3384 L3 Experimental quarks
)
(/home/nicola/texlive/2012/texmf-dist/tex/latex/l3kernel/l3prg.sty
Package: l3prg 2012/03/04 v3490 L3 Experimental control structures
\g_prg_map_int=\count143
)
(/home/nicola/texlive/2012/texmf-dist/tex/latex/l3kernel/l3clist.sty
Package: l3clist 2012/03/04 v3490 L3 Experimental comma separated lists
)
(/home/nicola/texlive/2012/texmf-dist/tex/latex/l3kernel/l3token.sty
Package: l3token 2012/03/04 v3491 L3 Experimental token manipulation
)
(/home/nicola/texlive/2012/texmf-dist/tex/latex/l3kernel/l3prop.sty
Package: l3prop 2012/03/04 v3490 L3 Experimental property lists
)
(/home/nicola/texlive/2012/texmf-dist/tex/latex/l3kernel/l3msg.sty
Package: l3msg 2012/04/23 v3568 L3 Experimental messages
)
(/home/nicola/texlive/2012/texmf-dist/tex/latex/l3kernel/l3file.sty
Package: l3file 2012/03/09 v3520 L3 Experimental file and I/O operations
\l_iow_stream_int=\count144
\l_iow_line_length_int=\count145
\l_iow_target_length_int=\count146
\l_iow_current_line_int=\count147
\l_iow_current_word_int=\count148
\l_iow_current_indentation_int=\count149
)
(/home/nicola/texlive/2012/texmf-dist/tex/latex/l3kernel/l3skip.sty
Package: l3skip 2012/03/05 v3499 L3 Experimental dimensions and skips
\l_tmpa_dim=\dimen146
\l_tmpb_dim=\dimen147
\l_tmpc_dim=\dimen148
\g_tmpa_dim=\dimen149
\g_tmpb_dim=\dimen150
\l_tmpa_skip=\skip67
\l_tmpb_skip=\skip68
\l_tmpc_skip=\skip69
\g_tmpa_skip=\skip70
\g_tmpb_skip=\skip71
)
(/home/nicola/texlive/2012/texmf-dist/tex/latex/l3kernel/l3keys.sty
Package: l3keys 2012/03/03 v3487 L3 Experimental key-value interfaces
\g_keyval_level_int=\count150
\l_keys_choice_int=\count151
)
(/home/nicola/texlive/2012/texmf-dist/tex/latex/l3kernel/l3fp.sty
Package: l3fp 2012/03/04 v3490 L3 Experimental floating-point operations
\c_one_hundred_million=\count152
\c_five_hundred_million=\count153
\c_one_thousand_million=\count154
\c_fp_pi_by_four_decimal_int=\count155
\c_fp_pi_by_four_extended_int=\count156
\c_fp_pi_decimal_int=\count157
\c_fp_pi_extended_int=\count158
\c_fp_two_pi_decimal_int=\count159
\c_fp_two_pi_extended_int=\count160
\l_fp_count_int=\count161
\l_fp_div_offset_int=\count162
\l_fp_exp_integer_int=\count163
\l_fp_exp_decimal_int=\count164
\l_fp_exp_extended_int=\count165
\l_fp_exp_exponent_int=\count166
\l_fp_input_a_sign_int=\count167
\l_fp_input_a_integer_int=\count168
\l_fp_input_a_decimal_int=\count169
\l_fp_input_a_exponent_int=\count170
\l_fp_input_b_sign_int=\count171
\l_fp_input_b_integer_int=\count172
\l_fp_input_b_decimal_int=\count173
\l_fp_input_b_exponent_int=\count174
\l_fp_input_a_extended_int=\count175
\l_fp_input_b_extended_int=\count176
\l_fp_mul_a_i_int=\count177
\l_fp_mul_a_ii_int=\count178
\l_fp_mul_a_iii_int=\count179
\l_fp_mul_a_iv_int=\count180
\l_fp_mul_a_v_int=\count181
\l_fp_mul_a_vi_int=\count182
\l_fp_mul_b_i_int=\count183
\l_fp_mul_b_ii_int=\count184
\l_fp_mul_b_iii_int=\count185
\l_fp_mul_b_iv_int=\count186
\l_fp_mul_b_v_int=\count187
\l_fp_mul_b_vi_int=\count188
\l_fp_mul_output_int=\count189
\l_fp_output_sign_int=\count190
\l_fp_output_integer_int=\count191
\l_fp_output_decimal_int=\count192
\l_fp_output_exponent_int=\count193
\l_fp_output_extended_int=\count194
\l_fp_round_position_int=\count195
\l_fp_round_target_int=\count196
\l_fp_split_sign_int=\count197
\l_fp_internal_int=\count198
\l_fp_trig_octant_int=\count199
\l_fp_trig_sign_int=\count200
\l_fp_trig_decimal_int=\count201
Normal \count register pool exhausted, switching to extended pool.
\l_fp_trig_extended_int=\count277
\l_fp_internal_dim=\dimen151
\l_fp_internal_skip=\skip72
)
(/home/nicola/texlive/2012/texmf-dist/tex/latex/l3kernel/l3box.sty
Package: l3box 2012/03/04 v3490 L3 Experimental boxes
\l_tmpb_box=\box36
\l_box_top_dim=\dimen152
\l_box_bottom_dim=\dimen153
\l_box_left_dim=\dimen154
\l_box_right_dim=\dimen155
\l_box_top_new_dim=\dimen156
\l_box_bottom_new_dim=\dimen157
\l_box_left_new_dim=\dimen158
\l_box_right_new_dim=\dimen159
\l_box_internal_box=\box37
)
(/home/nicola/texlive/2012/texmf-dist/tex/latex/l3kernel/l3coffins.sty
Package: l3coffins 2012/03/03 v3482 L3 Experimental coffin code layer
\l_coffin_internal_box=\box38
\l_coffin_internal_dim=\dimen160
\l_coffin_offset_x_dim=\dimen161
\l_coffin_offset_y_dim=\dimen162
\l_coffin_x_dim=\dimen163
\l_coffin_y_dim=\dimen164
\l_coffin_x_prime_dim=\dimen165
\l_coffin_y_prime_dim=\dimen166
\l_coffin_Depth_dim=\dimen167
\l_coffin_Height_dim=\dimen168
\l_coffin_TotalHeight_dim=\dimen169
\l_coffin_Width_dim=\dimen170
\c_empty_coffin=\box39
\l_coffin_aligned_coffin=\box40
\l_coffin_aligned_internal_coffin=\box41
\l_coffin_bounding_shift_dim=\dimen171
\l_coffin_left_corner_dim=\dimen172
\l_coffin_right_corner_dim=\dimen173
\l_coffin_bottom_corner_dim=\dimen174
\l_coffin_top_corner_dim=\dimen175
\l_coffin_scaled_total_height_dim=\dimen176
\l_coffin_scaled_width_dim=\dimen177
\l_coffin_display_coffin=\box42
\l_coffin_display_coord_coffin=\box43
\l_coffin_display_pole_coffin=\box44
\l_coffin_display_offset_dim=\dimen178
\l_coffin_display_x_dim=\dimen179
\l_coffin_display_y_dim=\dimen180
)
(/home/nicola/texlive/2012/texmf-dist/tex/latex/l3kernel/l3color.sty
Package: l3color 2011/09/07 v2776 L3 Experimental colour support
)
(/home/nicola/texlive/2012/texmf-dist/tex/latex/l3kernel/l3luatex.sty
Package: l3luatex 2012/02/09 v3355 L3 Experimental LuaTeX-specific functions
\g_cctab_allocate_int=\count278
\g_cctab_stack_int=\count279
))
(/home/nicola/texlive/2012/texmf-dist/tex/latex/l3packages/xparse/xparse.sty
Package: xparse 2012/04/23 v3570 L3 Experimental document command parser
\l_xparse_current_arg_int=\count280
\l_xparse_m_args_int=\count281
\l_xparse_mandatory_args_int=\count282
\l_xparse_processor_int=\count283
\l_xparse_v_nesting_int=\count284
)
\l_fontspec_script_int=\count285
\l_fontspec_language_int=\count286
\l_fontspec_strnum_int=\count287
\l_fontspec_tmpa_dim=\dimen181
\l_fontspec_tmpb_dim=\dimen182
\l_fontspec_tmpc_dim=\dimen183
Variant \tl_gset:cV already defined; not changing it on line 66

(/home/nicola/texlive/2012/texmf-dist/tex/latex/fontspec/fontspec-patches.sty
Package: fontspec-patches 2012/05/06 v2.2b Advanced font selection for XeLaTeX/
LuaLaTeX

(/home/nicola/texlive/2012/texmf-dist/tex/latex/base/fixltx2e.sty
Package: fixltx2e 2006/09/13 v1.1m fixes to LaTeX
LaTeX Info: Redefining \em on input line 420.
LaTeX Info: The control sequence `\[' is already robust on input line 471.
LaTeX Info: The control sequence `\]' is already robust on input line 472.
)
LaTeX Info: Redefining \em on input line 22.
LaTeX Info: Redefining \emph on input line 29.
LaTeX Info: Redefining \- on input line 32.

*************************************************
* LaTeX warning: "xparse/redefine-command"
* 
* Redefining document command \oldstylenums with arg. spec. 'm' on line 107.
*************************************************
.................................................
. LaTeX info: "xparse/define-command"
. 
. Defining document command \liningnums with arg. spec. 'm' on line 111.
.................................................
) (/home/nicola/texlive/2012/texmf-dist/tex/latex/fontspec/fontspec-xetex.sty
Package: fontspec-xetex 2012/05/06 v2.2b Advanced font selection for XeLaTeX/Lu
aLaTeX

(/home/nicola/texlive/2012/texmf-dist/tex/latex/base/fontenc.sty
Package: fontenc 2005/09/27 v1.99g Standard LaTeX package

(/home/nicola/texlive/2012/texmf-dist/tex/latex/euenc/eu1enc.def
File: eu1enc.def 2010/05/27 v0.1h Experimental Unicode font encodings
Now handling font encoding EU1 ...
... no UTF-8 mapping file for font encoding EU1
)
LaTeX Font Info:    Try loading font information for EU1+lmr on input line 100.


(/home/nicola/texlive/2012/texmf-dist/tex/latex/euenc/eu1lmr.fd
File: eu1lmr.fd 2009/10/30 v1.6 Font defs for Latin Modern
))
(/home/nicola/texlive/2012/texmf-dist/tex/xelatex/xunicode/xunicode.sty
File: xunicode.sty 2011/09/09 v0.981 provides access to latin accents and many 
other characters in Unicode lower plane

*** you should *not* be loading the inputenc package
*** XeTeX expects the source to be in UTF8 encoding
*** some features of other encodings may conflict, resulting in poor output.
(/home/nicola/texlive/2012/texmf-dist/tex/latex/tipa/t3enc.def
File: t3enc.def 2001/12/31 T3 encoding
Now handling font encoding T3 ...
... no UTF-8 mapping file for font encoding T3
LaTeX Font Info:    Try loading font information for EU1+lmss on input line 357
.

(/home/nicola/texlive/2012/texmf-dist/tex/latex/euenc/eu1lmss.fd
File: eu1lmss.fd 2009/10/30 v1.6 Font defs for Latin Modern
))
\tipaTiiicode=\count288
\tipasavetokens=\toks32
\tipachecktokens=\toks33
)
.................................................
. LaTeX info: "xparse/define-command"
. 
. Defining document command \fontspec with arg. spec. 'O{}m' on line 39.
.................................................
.................................................
. LaTeX info: "xparse/define-command"
. 
. Defining document command \setmainfont with arg. spec. 'O{}m' on line 43.
.................................................
.................................................
. LaTeX info: "xparse/define-command"
. 
. Defining document command \setsansfont with arg. spec. 'O{}m' on line 47.
.................................................
.................................................
. LaTeX info: "xparse/define-command"
. 
. Defining document command \setmonofont with arg. spec. 'O{}m' on line 51.
.................................................
.................................................
. LaTeX info: "xparse/define-command"
. 
. Defining document command \setmathrm with arg. spec. 'O{}m' on line 59.
.................................................
.................................................
. LaTeX info: "xparse/define-command"
. 
. Defining document command \setboldmathrm with arg. spec. 'O{}m' on line 62.
.................................................
.................................................
. LaTeX info: "xparse/define-command"
. 
. Defining document command \setmathsf with arg. spec. 'O{}m' on line 65.
.................................................
.................................................
. LaTeX info: "xparse/define-command"
. 
. Defining document command \setmathtt with arg. spec. 'O{}m' on line 68.
.................................................
.................................................
. LaTeX info: "xparse/define-command"
. 
. Defining document command \newfontfamily with arg. spec. 'mO{}m' on line 84.
.................................................
.................................................
. LaTeX info: "xparse/define-command"
. 
. Defining document command \newfontface with arg. spec. 'mO{}m' on line 87.
.................................................
.................................................
. LaTeX info: "xparse/define-command"
. 
. Defining document command \defaultfontfeatures with arg. spec. 'm' on line
. 91.
.................................................
.................................................
. LaTeX info: "xparse/define-command"
. 
. Defining document command \addfontfeatures with arg. spec. 'm' on line 107.
.................................................
.................................................
. LaTeX info: "xparse/define-command"
. 
. Defining document command \newfontfeature with arg. spec. 'mm' on line 118.
.................................................
.................................................
. LaTeX info: "xparse/define-command"
. 
. Defining document command \newAATfeature with arg. spec. 'mmmm' on line 125.
.................................................
.................................................
. LaTeX info: "xparse/define-command"
. 
. Defining document command \newICUfeature with arg. spec. 'mmm' on line 132.
.................................................
.................................................
. LaTeX info: "xparse/define-command"
. 
. Defining document command \aliasfontfeature with arg. spec. 'mm' on line
. 159.
.................................................
.................................................
. LaTeX info: "xparse/define-command"
. 
. Defining document command \aliasfontfeatureoption with arg. spec. 'mmm' on
. line 164.
.................................................
.................................................
. LaTeX info: "xparse/define-command"
. 
. Defining document command \newfontscript with arg. spec. 'mm' on line 169.
.................................................
.................................................
. LaTeX info: "xparse/define-command"
. 
. Defining document command \newfontlanguage with arg. spec. 'mm' on line 192.
.................................................
.................................................
. LaTeX info: "xparse/define-command"
. 
. Defining document command \DeclareFontsExtensions with arg. spec. 'm' on
. line 211.
.................................................
Variant \prop_gput:cnV already defined; not changing it on line 485
Variant \prop_gput:cnx already defined; not changing it on line 486
\l_fontspec_tmp_int=\count289
LaTeX Info: Redefining \itshape on input line 1893.
LaTeX Info: Redefining \slshape on input line 1897.
LaTeX Info: Redefining \scshape on input line 1901.
LaTeX Info: Redefining \upshape on input line 1905.

(/home/nicola/texlive/2012/texmf-dist/tex/latex/fontspec/fontspec.cfg)))
\g_fontspec_family_Open Sans_int=\count290
.................................................
. fontspec info: "defining-font"
. 
. Font family 'OpenSans(0)' created for font 'Open Sans' with options [].
. 
. This font family consists of the following shapes:
. 
. * 'normal' with NFSS spec.:
. <->"Open Sans/ICU:script=latn;language=DFLT;"
. 
. * 'bold' with NFSS spec.:
. <->"Open Sans/B/ICU:script=latn;language=DFLT;"
. 
. * 'italic' with NFSS spec.:
. <->"Open Sans/I/ICU:script=latn;language=DFLT;"
. 
. * 'bold italic' with NFSS spec.:
. <->"Open Sans/BI/ICU:script=latn;language=DFLT;"
.................................................
Package hyperref Info: Option `colorlinks' set `true' on input line 39.

(./main.aux)
\openout1 = `main.aux'.

LaTeX Font Info:    Checking defaults for OML/cmm/m/it on input line 42.
LaTeX Font Info:    ... okay on input line 42.
LaTeX Font Info:    Checking defaults for T1/cmr/m/n on input line 42.
LaTeX Font Info:    ... okay on input line 42.
LaTeX Font Info:    Checking defaults for OT1/cmr/m/n on input line 42.
LaTeX Font Info:    ... okay on input line 42.
LaTeX Font Info:    Checking defaults for OMS/cmsy/m/n on input line 42.
LaTeX Font Info:    ... okay on input line 42.
LaTeX Font Info:    Checking defaults for OMX/cmex/m/n on input line 42.
LaTeX Font Info:    ... okay on input line 42.
LaTeX Font Info:    Checking defaults for U/cmr/m/n on input line 42.
LaTeX Font Info:    ... okay on input line 42.
LaTeX Font Info:    Checking defaults for PD1/pdf/m/n on input line 42.
LaTeX Font Info:    ... okay on input line 42.
LaTeX Font Info:    Checking defaults for PU/pdf/m/n on input line 42.
LaTeX Font Info:    ... okay on input line 42.
LaTeX Font Info:    Checking defaults for EU1/lmr/m/n on input line 42.
LaTeX Font Info:    ... okay on input line 42.
LaTeX Font Info:    Checking defaults for T3/cmr/m/n on input line 42.
LaTeX Font Info:    Try loading font information for T3+cmr on input line 42.
 (/home/nicola/texlive/2012/texmf-dist/tex/latex/tipa/t3cmr.fd
File: t3cmr.fd 2001/12/31 TIPA font definitions
)
LaTeX Font Info:    ... okay on input line 42.
Package caption Info: Begin \AtBeginDocument code.
Package caption Info: hyperref package is loaded.
Package caption Info: listings package is loaded.
Package caption Info: longtable package is loaded.

(/home/nicola/texlive/2012/texmf-dist/tex/latex/caption/ltcaption.sty
Package: ltcaption 2011/09/12 v1.3 longtable captions (AR)
)
Package caption Info: rotating package is loaded.
Package caption Info: End \AtBeginDocument code.
\c@lstlisting=\count291
\AtBeginShipoutBox=\box45
Package hyperref Info: Link coloring ON on input line 42.

(/home/nicola/texlive/2012/texmf-dist/tex/latex/hyperref/nameref.sty
Package: nameref 2010/04/30 v2.40 Cross-referencing by name of section

(/home/nicola/texlive/2012/texmf-dist/tex/generic/oberdiek/gettitlestring.sty
Package: gettitlestring 2010/12/03 v1.4 Cleanup title references (HO)
)
\c@section@level=\count292
)
LaTeX Info: Redefining \ref on input line 42.
LaTeX Info: Redefining \pageref on input line 42.
LaTeX Info: Redefining \nameref on input line 42.
(./main.out) (./main.out)
\@outlinefile=\write3
\openout3 = `main.out'.


*** you should *not* be loading the inputenc package
*** XeTeX expects the source to be in UTF8 encoding
*** some features of other encodings may conflict, resulting in poor output.
.................................................
. fontspec info: "setup-math"
. 
. Adjusting the maths setup (use [no-math] to avoid this).
.................................................
\symlegacymaths=\mathgroup6
LaTeX Font Info:    Overwriting symbol font `legacymaths' in version `bold'
(Font)                  OT1/cmr/m/n --> OT1/cmr/bx/n on input line 42.
LaTeX Font Info:    Redeclaring math accent \acute on input line 42.
LaTeX Font Info:    Redeclaring math accent \grave on input line 42.
LaTeX Font Info:    Redeclaring math accent \ddot on input line 42.
LaTeX Font Info:    Redeclaring math accent \tilde on input line 42.
LaTeX Font Info:    Redeclaring math accent \bar on input line 42.
LaTeX Font Info:    Redeclaring math accent \breve on input line 42.
LaTeX Font Info:    Redeclaring math accent \check on input line 42.
LaTeX Font Info:    Redeclaring math accent \hat on input line 42.
LaTeX Font Info:    Redeclaring math accent \dot on input line 42.
LaTeX Font Info:    Redeclaring math accent \mathring on input line 42.
LaTeX Font Info:    Redeclaring math symbol \Gamma on input line 42.
LaTeX Font Info:    Redeclaring math symbol \Delta on input line 42.
LaTeX Font Info:    Redeclaring math symbol \Theta on input line 42.
LaTeX Font Info:    Redeclaring math symbol \Lambda on input line 42.
LaTeX Font Info:    Redeclaring math symbol \Xi on input line 42.
LaTeX Font Info:    Redeclaring math symbol \Pi on input line 42.
LaTeX Font Info:    Redeclaring math symbol \Sigma on input line 42.
LaTeX Font Info:    Redeclaring math symbol \Upsilon on input line 42.
LaTeX Font Info:    Redeclaring math symbol \Phi on input line 42.
LaTeX Font Info:    Redeclaring math symbol \Psi on input line 42.
LaTeX Font Info:    Redeclaring math symbol \Omega on input line 42.
LaTeX Font Info:    Redeclaring math symbol \mathdollar on input line 42.
LaTeX Font Info:    Redeclaring symbol font `operators' on input line 42.
LaTeX Font Info:    Encoding `OT1' has changed to `EU1' for symbol font
(Font)              `operators' in the math version `normal' on input line 42.
LaTeX Font Info:    Overwriting symbol font `operators' in version `normal'
(Font)                  OT1/cmr/m/n --> EU1/OpenSans(0)/m/n on input line 42.
LaTeX Font Info:    Encoding `OT1' has changed to `EU1' for symbol font
(Font)              `operators' in the math version `bold' on input line 42.
LaTeX Font Info:    Overwriting symbol font `operators' in version `bold'
(Font)                  OT1/cmr/bx/n --> EU1/OpenSans(0)/m/n on input line 42.
LaTeX Font Info:    Overwriting symbol font `operators' in version `normal'
(Font)                  EU1/OpenSans(0)/m/n --> EU1/OpenSans(0)/m/n on input li
ne 42.
LaTeX Font Info:    Overwriting math alphabet `\mathrm' in version `normal'
(Font)                  EU1/OpenSans(0)/m/n --> EU1/OpenSans(0)/m/n on input li
ne 42.
LaTeX Font Info:    Overwriting math alphabet `\mathit' in version `normal'
(Font)                  OT1/cmr/m/it --> EU1/OpenSans(0)/m/it on input line 42.

LaTeX Font Info:    Overwriting math alphabet `\mathbf' in version `normal'
(Font)                  OT1/cmr/bx/n --> EU1/OpenSans(0)/bx/n on input line 42.

LaTeX Font Info:    Overwriting math alphabet `\mathsf' in version `normal'
(Font)                  OT1/cmss/m/n --> EU1/lmss/m/n on input line 42.
LaTeX Font Info:    Overwriting math alphabet `\mathtt' in version `normal'
(Font)                  OT1/cmtt/m/n --> EU1/lmtt/m/n on input line 42.
LaTeX Font Info:    Overwriting symbol font `operators' in version `bold'
(Font)                  EU1/OpenSans(0)/m/n --> EU1/OpenSans(0)/bx/n on input l
ine 42.
LaTeX Font Info:    Overwriting math alphabet `\mathrm' in version `bold'
(Font)                  EU1/OpenSans(0)/m/n --> EU1/OpenSans(0)/bx/n on input l
ine 42.
LaTeX Font Info:    Overwriting math alphabet `\mathit' in version `bold'
(Font)                  OT1/cmr/bx/it --> EU1/OpenSans(0)/bx/it on input line 4
2.
LaTeX Font Info:    Overwriting math alphabet `\mathsf' in version `bold'
(Font)                  OT1/cmss/bx/n --> EU1/lmss/bx/n on input line 42.
LaTeX Font Info:    Overwriting math alphabet `\mathtt' in version `bold'
(Font)                  OT1/cmtt/m/n --> EU1/lmtt/bx/n on input line 42.

LaTeX Font Warning: Font shape `EU1/OpenSans(0)/m/sc' undefined
(Font)              using `EU1/OpenSans(0)/m/n' instead on input line 71.

LaTeX Font Info:    Try loading font information for U+msa on input line 83.
(/home/nicola/texlive/2012/texmf-dist/tex/latex/amsfonts/umsa.fd
File: umsa.fd 2009/06/22 v3.00 AMS symbols A
)
LaTeX Font Info:    Try loading font information for U+msb on input line 83.

(/home/nicola/texlive/2012/texmf-dist/tex/latex/amsfonts/umsb.fd
File: umsb.fd 2009/06/22 v3.00 AMS symbols B
)
File: Figures/uctlogo.jpg Graphic file (type QTm)

<use  "Figures/uctlogo.jpg" >
File: Figures/compsci.jpg Graphic file (type QTm)
 <use  "Figures/compsci.jpg" > [1



]
------------------------------------------------------------------------------
 Declaration of Authorship
------------------------------------------------------------------------------

Underfull \hbox (badness 10000) in paragraph at lines 131--131

 []

[1]
------------------------------------------------------------------------------
 Licensing
------------------------------------------------------------------------------

Underfull \hbox (badness 10000) in paragraph at lines 155--155

 []

File: Figures/cc-by.jpg Graphic file (type QTm)
<use  "Figures/cc-by.jpg" > [2

] [3

]
------------------------------------------------------------------------------
 Abstract Page
------------------------------------------------------------------------------

Underfull \hbox (badness 10000) in paragraph at lines 186--200

 []


Underfull \hbox (badness 10000) in paragraph at lines 186--200

 []


Underfull \hbox (badness 10000) in paragraph at lines 186--200

 []


Underfull \hbox (badness 10000) in paragraph at lines 186--200

 []


Underfull \hbox (badness 10000) in paragraph at lines 186--200

 []


Underfull \hbox (badness 10000) in paragraph at lines 186--200

 []

[4

] [5]
------------------------------------------------------------------------------
 Acknowledgements
------------------------------------------------------------------------------

Underfull \hbox (badness 10000) in paragraph at lines 221--221

 []


Underfull \hbox (badness 10000) in paragraph at lines 221--221

 []

[6

]
------------------------------------------------------------------------------
 Table of Contents
------------------------------------------------------------------------------
(./main.toc [7


] [8])
\tf@toc=\write4
\openout4 = `main.toc'.

 [9]
------------------------------------------------------------------------------
 List of Figures
------------------------------------------------------------------------------
(./main.lof
Overfull \hbox (0.6869pt too wide) in paragraph at lines 19--19
 [][] [][][]\EU1/OpenSans(0)/m/sc/10.95 Single selection of sub-checkbox, compa
red to selection of "All" check- 
 []


Overfull \hbox (33.45235pt too wide) in paragraph at lines 26--26
 [][] [][][]\EU1/OpenSans(0)/m/sc/10.95 Improved checkboxes: no checkboxes were
 greyed-out and sub-checkboxes 
 []

)
\tf@lof=\write5
\openout5 = `main.lof'.

 [10


]
------------------------------------------------------------------------------
 List of Tables
------------------------------------------------------------------------------
(./main.lot)
\tf@lot=\write6
\openout6 = `main.lot'.

 [11


]
------------------------------------------------------------------------------
 Dedicatory
------------------------------------------------------------------------------
LaTeX Font Info:    Font shape `EU1/OpenSans(0)/m/sl' in size <14.4> not availa
ble
(Font)              Font shape `EU1/OpenSans(0)/m/it' tried instead on input li
ne 266.
[12

] [1



] (./Chapters/Chapter1.tex
Chapter 1.
------------------------------------------------------------------------------
 1 Introduction
------------------------------------------------------------------------------

Overfull \hbox (0.96674pt too wide) in paragraph at lines 14--15
[]\EU1/OpenSans(0)/m/sc/10.95 One mechanism by which volunteers, or any member 
of the public, can give Siyavula
 []

[2

] [3] [4]) (./Chapters/Chapter2.tex [5]
Chapter 2.
------------------------------------------------------------------------------
 2 The Existing Annotator System
------------------------------------------------------------------------------
File: Figures/annotator1.png Graphic file (type QTm)
<use  "Figures/annotator1.png" >
File: Figures/annotatorcategories.png Graphic file (type QTm)
 <use  "Figures/annotatorcategories.png" >

LaTeX Warning: `h' float specifier changed to `ht'.

[6

]
File: Figures/annotator-backend-table.png Graphic file (type QTm)
 <use  "Figures/annotator-backend-table.png" > [7]) (./Chapters/Chapter3.tex
Overfull \hbox (7.06227pt too wide) in paragraph at lines 48--2
\EU1/OpenSans(0)/m/sc/10.95 tator to be an integral part of many stages of Siya
vula's book-writing and -maintaining
 []

[8]
Chapter 3.
------------------------------------------------------------------------------
 3 Related Research
------------------------------------------------------------------------------

Overfull \hbox (1.9266pt too wide) in paragraph at lines 12--13
\EU1/OpenSans(0)/m/sc/10.95 wards digital reading, annotations have become poss
ible in desktop software suites,
 []

[9

] [10] [11])
Overfull \hbox (5.18317pt too wide) in paragraph at lines 47--285
\EU1/OpenSans(0)/m/sc/10.95 ingly complex) workflows involving existing annotat
ions. It is probable that Siyavula's
 []

[12] [13

] (./Chapters/Chapter4.tex
Chapter 4.
------------------------------------------------------------------------------
 4 Methodology
------------------------------------------------------------------------------
[14

] [15]
Overfull \hbox (4.68901pt too wide) in paragraph at lines 39--40
[]\EU1/OpenSans(0)/m/sc/10.95 Instead, stakeholder identification and one-on-on
e stakeholder interviews were held
 []

[16] [17] [18] [19] [20] [21] [22] [23]
Underfull \hbox (badness 1478) in paragraph at lines 162--162
[]|\EU1/OpenSans(0)/m/sc/10.95 The system should always keep users in-
 []


Underfull \hbox (badness 1527) in paragraph at lines 170--170
[]|\EU1/OpenSans(0)/m/sc/10.95 Even better than good error messages is
 []


Underfull \hbox (badness 1881) in paragraph at lines 170--170
\EU1/OpenSans(0)/m/sc/10.95 from occurring in the first place. Either
 []


Underfull \hbox (badness 1997) in paragraph at lines 177--177
[]|\EU1/OpenSans(0)/m/sc/10.95 Dialogues should not contain information
 []


Overfull \hbox (4.05495pt too wide) in paragraph at lines 181--181
[]|\EU1/OpenSans(0)/m/sc/10.95 10.| 
 []


Underfull \vbox (badness 10000) detected at line 186
 []

[24] [25]) (./Chapters/Chapter5.tex [26]
Chapter 5.
------------------------------------------------------------------------------
 5 The Participatory Design Process
------------------------------------------------------------------------------
[27

]
Overfull \hbox (0.8662pt too wide) in paragraph at lines 41--42
[]\EU1/OpenSans(0)/m/sc/10.95 These filters were divided into two groups by par
ticipants: high-level (subject, grade,
 []

[28]
File: Figures/PD1shot2labels.png Graphic file (type QTm)
 <use  "Figures/PD1shot2labels.png" >
File: Figures/PD1shot4labels.png Graphic file (type QTm)
 <use  "Figures/PD1shot4labels.png" >
[29] [30] [31] [32] [33]
File: Figures/PDFinalLabels.png Graphic file (type QTm)
 <use  "Figures/PDFinalLabels.png" >

LaTeX Warning: `!h' float specifier changed to `!ht'.

[34]
File: Figures/PDfiltersLabels.png Graphic file (type QTm)
 <use  "Figures/PDfiltersLabels.png" >

LaTeX Warning: `!h' float specifier changed to `!ht'.


Overfull \hbox (5.04196pt too wide) in paragraph at lines 157--158
[]\EU1/OpenSans(0)/m/sc/10.95 As mentioned above, the username search box would
 function like an auto-complete
 []

[35]
File: Figures/PDColumnHeadingLabels.png Graphic file (type QTm)
 <use  "Figures/PDColumnHeadingLabels.png" >
Underfull \hbox (badness 10000) in paragraph at lines 159--169

 []


LaTeX Warning: `!h' float specifier changed to `!ht'.


Overfull \hbox (5.23729pt too wide) in paragraph at lines 170--171
[]\EU1/OpenSans(0)/m/sc/10.95 The type of annotation would be indicated in the 
leftmost column by a small coloured
 []

File: Figures/IMG_9044.JPG Graphic file (type QTm)
<use  "Figures/IMG_9044.JPG" >
Underfull \hbox (badness 10000) in paragraph at lines 172--182

 []

[36]

LaTeX Warning: `!h' float specifier changed to `!ht'.

[37]
Overfull \hbox (2.99342pt too wide) in paragraph at lines 194--195
[]\EU1/OpenSans(0)/m/sc/10.95 Sometimes the brainstorming became very creative 
and extended beyond the scope
 []

[38]) (./Chapters/Chapter6.tex [39]
Chapter 6.
------------------------------------------------------------------------------
 6 Building a High-fidelity Prototype
------------------------------------------------------------------------------
File: Figures/BalsamiqMockup.png Graphic file (type QTm)
<use  "Figures/BalsamiqMockup.png" > [40

] [41]
LaTeX Font Info:    Try loading font information for EU1+lmtt on input line 34.


(/home/nicola/texlive/2012/texmf-dist/tex/latex/euenc/eu1lmtt.fd
File: eu1lmtt.fd 2009/10/30 v1.6 Font defs for Latin Modern
)
File: Figures/V1/HiFi1mainview.PNG Graphic file (type QTm)

<use  "Figures/V1/HiFi1mainview.PNG" >
Overfull \hbox (7.48717pt too wide) in paragraph at lines 68--69
\EU1/OpenSans(0)/m/sc/10.95 does not work correctly with pagination (a known bu
g), so a compromise was reached
 []

[42] [43]
File: Figures/V1/breadcrumbs.png Graphic file (type QTm)
 <use  "Figures/V1/breadcrumbs.png" > [44]
File: Figures/V1/checkboxes.png Graphic file (type QTm)

<use  "Figures/V1/checkboxes.png" >

LaTeX Warning: `!h' float specifier changed to `!ht'.

[45]
File: Figures/V1/alldeselected1.PNG Graphic file (type QTm)
 <use  "Figures/V1/alldeselected1.PNG" >

LaTeX Warning: `!h' float specifier changed to `!ht'.

File: Figures/V1/usernameReset.png Graphic file (type QTm)
<use  "Figures/V1/usernameReset.png" >

LaTeX Warning: `!h' float specifier changed to `!ht'.

File: Figures/V1/sorticons.png Graphic file (type QTm)
<use  "Figures/V1/sorticons.png" > [46]
File: Figures/V1/mouseover.png Graphic file (type QTm)
 <use  "Figures/V1/mouseover.png" >
[47]
Overfull \hbox (4.15726pt too wide) in paragraph at lines 147--148
[]\EU1/OpenSans(0)/m/sc/10.95 Because the detailed view was an overlay of the i
nterface and not a separate browser
 []

File: Figures/V1/detailedview.png Graphic file (type QTm)
<use  "Figures/V1/detailedview.png" > [48]
Underfull \hbox (badness 10000) in paragraph at lines 160--164

 []

[49]
Underfull \hbox (badness 10000) in paragraph at lines 186--192

 []


Underfull \hbox (badness 10000) in paragraph at lines 186--192

 []

[50] [51]
Overfull \hbox (7.34279pt too wide) in paragraph at lines 216--217
[]\EU1/OpenSans(0)/m/sc/10.95 In some cases, the implementation of the prototyp
e in an actual web browser opened
 []

[52]) [53] [54

] (./Chapters/Chapter7.tex
Chapter 7.
------------------------------------------------------------------------------
 7 Evaluation and Improvements
------------------------------------------------------------------------------
[55

] [56] [57]
File: Figures/handcursor.png Graphic file (type QTm)
 <use  "Figures/handcursor.png" >
File: Figures/textcursor.png Graphic file (type QTm)

<use  "Figures/textcursor.png" > [58]
File: Figures/sortarrowdown.png Graphic file (type QTm)
 <use  "Figures/sortarrowdown.png" >
[59] [60] [61] [62]
Overfull \hbox (8.519pt too wide) in paragraph at lines 139--140
\EU1/OpenSans(0)/m/sc/10.95 Based on the above observations, improvements to th
e prototype were implemented
 []

File: Figures/V2/checkboxes.png Graphic file (type QTm)
<use  "Figures/V2/checkboxes.png" > [63]
File: Figures/V2/deselectAll.png Graphic file (type QTm)
 <use  "Figures/V2/deselectAll.png" >
[64]
File: Figures/textcursor.png Graphic file (type QTm)
 <use  "Figures/textcursor.png" >
File: Figures/handcursor.png Graphic file (type QTm)
 <use  "Figures/handcursor.png" >
File: Figures/V2/zoomout.png Graphic file (type QTm)

<use  "Figures/V2/zoomout.png" >
File: Figures/V2/oldsort.png Graphic file (type QTm)
 <use  "Figures/V2/oldsort.png" >
File: Figures/V2/newsort.png Graphic file (type QTm)

<use  "Figures/V2/newsort.png" >

LaTeX Warning: `!h' float specifier changed to `!ht'.

File: Figures/V2/oldreset.png Graphic file (type QTm)
<use  "Figures/V2/oldreset.png" > [65]
File: Figures/V2/newreset.png Graphic file (type QTm)
 <use  "Figures/V2/newreset.png" >
[66]
File: Figures/V2/usernameold.png Graphic file (type QTm)
 <use  "Figures/V2/usernameold.png" >
File: Figures/V2/usernamenew.png Graphic file (type QTm)
 <use  "Figures/V2/usernamenew.png" >
[67]
File: Figures/V2/wholeUI.png Graphic file (type QTm)
 <use  "Figures/V2/wholeUI.png" > [68] [69] [70] [71] [72] [73] [74]
[75]
Overfull \hbox (10.95119pt too wide) in paragraph at lines 346--347
[]\EU1/OpenSans(0)/m/sc/10.95 All users expected the username search box to off
er some kind of auto-complete
 []

[76] [77] [78] [79]
Overfull \hbox (4.6456pt too wide) in paragraph at lines 400--405
\EU1/OpenSans(0)/m/sc/10.95 annotations simultaneously visible in the interface
 provides users with as much
 []


Underfull \hbox (badness 10000) in paragraph at lines 400--405

 []


Overfull \hbox (3.21095pt too wide) in paragraph at lines 400--405
\EU1/OpenSans(0)/m/sc/10.95 guable that the table updates too quickly for users
 to realise that it has changed
 []


Underfull \hbox (badness 10000) in paragraph at lines 400--405

 []


Overfull \hbox (1.48822pt too wide) in paragraph at lines 406--407
\EU1/OpenSans(0)/m/sc/10.95 holder interviews and the paper prototyping session
s, and are commonly used
 []

[80]
Underfull \hbox (badness 10000) in paragraph at lines 410--417

 []


Underfull \hbox (badness 10000) in paragraph at lines 410--417

 []


Underfull \hbox (badness 10000) in paragraph at lines 410--417

 []


Overfull \hbox (3.03091pt too wide) in paragraph at lines 418--421
[]\EU1/OpenSans(0)/bx/n/10.95 Error prevention\EU1/OpenSans(0)/m/sc/10.95 : No 
serious error-prone conditions exist in the system which
 []


Underfull \hbox (badness 10000) in paragraph at lines 418--421

 []


Underfull \hbox (badness 10000) in paragraph at lines 418--421

 []

[81]
Underfull \hbox (badness 10000) in paragraph at lines 422--425

 []

[82]
Overfull \hbox (0.91544pt too wide) in paragraph at lines 439--440
[]\EU1/OpenSans(0)/m/sc/10.95 The "zoom in" icon is potentially confusing: in o
ther systems it suggests slightly
 []

[83] [84] [85]) (./Chapters/Chapter8.tex [86]
Chapter 8.
------------------------------------------------------------------------------
 8 Conclusion
------------------------------------------------------------------------------
[87

] [88]
Overfull \hbox (7.4497pt too wide) in paragraph at lines 35--36
[]\EU1/OpenSans(0)/m/sc/10.95 As with any software development, thoroughly qual
ity assurance testing and browser
 []

) [89]
------------------------------------------------------------------------------
 Bibliography
------------------------------------------------------------------------------
(./main.bbl
Missing character: There is no  in font Open Sans/ICU:script=latn;language=D
FLT;!
Missing character: There is no  in font Open Sans/ICU:script=latn;language=D
FLT;!
 [90


] [91] [92] [93] [94])
Package atveryend Info: Empty hook `BeforeClearDocument' on input line 323.
 [95]
Package atveryend Info: Empty hook `AfterLastShipout' on input line 323.
 (./main.aux)
Package atveryend Info: Empty hook `AtVeryEndDocument' on input line 323.
Package atveryend Info: Empty hook `AtEndAfterFileList' on input line 323.


LaTeX Font Warning: Some font shapes were not available, defaults substituted.

Package atveryend Info: Empty hook `AtVeryVeryEnd' on input line 323.
 ) 
Here is how much of TeX's memory you used:
 23113 strings out of 494004
 436263 string characters out of 3150146
 487791 words of memory out of 3000000
 25979 multiletter control sequences out of 15000+200000
 10726 words of font info for 72 fonts, out of 3000000 for 9000
 1144 hyphenation exceptions out of 8191
 49i,12n,46p,1134b,715s stack positions out of 5000i,500n,10000p,200000b,50000s

Output written on main.pdf (108 pages).
