\BOOKMARK [0][-]{dummy.2}{\376\377\000D\000e\000c\000l\000a\000r\000a\000t\000i\000o\000n\000\040\000o\000f\000\040\000A\000u\000t\000h\000o\000r\000s\000h\000i\000p}{}% 1
\BOOKMARK [0][-]{dummy.3}{\376\377\000L\000i\000c\000e\000n\000s\000i\000n\000g}{}% 2
\BOOKMARK [0][-]{dummy.4}{\376\377\000A\000b\000s\000t\000r\000a\000c\000t}{}% 3
\BOOKMARK [0][-]{dummy.5}{\376\377\000A\000c\000k\000n\000o\000w\000l\000e\000d\000g\000e\000m\000e\000n\000t\000s}{}% 4
\BOOKMARK [0][-]{dummy.6}{\376\377\000C\000o\000n\000t\000e\000n\000t\000s}{}% 5
\BOOKMARK [0][-]{dummy.8}{\376\377\000L\000i\000s\000t\000\040\000o\000f\000\040\000F\000i\000g\000u\000r\000e\000s}{}% 6
\BOOKMARK [0][-]{dummy.10}{\376\377\000L\000i\000s\000t\000\040\000o\000f\000\040\000T\000a\000b\000l\000e\000s}{}% 7
\BOOKMARK [-1][]{part.12}{\376\377\000I\000\040\000I\000n\000t\000r\000o\000d\000u\000c\000t\000i\000o\000n}{}% 8
\BOOKMARK [0][-]{chapter.13}{\376\377\0001\000\040\000I\000n\000t\000r\000o\000d\000u\000c\000t\000i\000o\000n}{part.12}% 9
\BOOKMARK [1][-]{section.14}{\376\377\0001\000.\0001\000\040\000I\000n\000t\000r\000o\000d\000u\000c\000t\000i\000o\000n}{chapter.13}% 10
\BOOKMARK [2][-]{subsection.15}{\376\377\0001\000.\0001\000.\0001\000\040\000C\000u\000r\000r\000e\000n\000t\000\040\000a\000n\000n\000o\000t\000a\000t\000i\000o\000n\000\040\000s\000y\000s\000t\000e\000m}{section.14}% 11
\BOOKMARK [2][-]{subsection.17}{\376\377\0001\000.\0001\000.\0002\000\040\000N\000e\000w\000\040\000a\000n\000n\000o\000t\000a\000t\000i\000o\000n\000\040\000s\000y\000s\000t\000e\000m}{section.14}% 12
\BOOKMARK [1][-]{section.18}{\376\377\0001\000.\0002\000\040\000T\000h\000e\000\040\000p\000r\000o\000b\000l\000e\000m}{chapter.13}% 13
\BOOKMARK [1][-]{section.19}{\376\377\0001\000.\0003\000\040\000T\000h\000e\000\040\000s\000o\000l\000u\000t\000i\000o\000n}{chapter.13}% 14
\BOOKMARK [1][-]{section.20}{\376\377\0001\000.\0004\000\040\000S\000c\000o\000p\000e\000\040\000o\000f\000\040\000t\000h\000e\000\040\000r\000e\000s\000e\000a\000r\000c\000h}{chapter.13}% 15
\BOOKMARK [1][-]{section.21}{\376\377\0001\000.\0005\000\040\000T\000h\000e\000\040\000s\000t\000r\000u\000c\000t\000u\000r\000e\000\040\000o\000f\000\040\000t\000h\000i\000s\000\040\000d\000i\000s\000s\000e\000r\000t\000a\000t\000i\000o\000n}{chapter.13}% 16
\BOOKMARK [0][-]{chapter.22}{\376\377\0002\000\040\000T\000h\000e\000\040\000E\000x\000i\000s\000t\000i\000n\000g\000\040\000A\000n\000n\000o\000t\000a\000t\000o\000r\000\040\000S\000y\000s\000t\000e\000m}{part.12}% 17
\BOOKMARK [1][-]{section.23}{\376\377\0002\000.\0001\000\040\000O\000v\000e\000r\000v\000i\000e\000w\000\040\000o\000f\000\040\000A\000n\000n\000o\000t\000a\000t\000o\000r}{chapter.22}% 18
\BOOKMARK [1][-]{section.26}{\376\377\0002\000.\0002\000\040\000T\000e\000c\000h\000n\000i\000c\000a\000l\000\040\000d\000e\000t\000a\000i\000l\000s\000\040\000o\000f\000\040\000A\000n\000n\000o\000t\000a\000t\000o\000r}{chapter.22}% 19
\BOOKMARK [1][-]{section.30}{\376\377\0002\000.\0003\000\040\000E\000x\000i\000s\000t\000i\000n\000g\000\040\000i\000n\000t\000e\000r\000f\000a\000c\000e}{chapter.22}% 20
\BOOKMARK [0][-]{chapter.32}{\376\377\0003\000\040\000R\000e\000l\000a\000t\000e\000d\000\040\000R\000e\000s\000e\000a\000r\000c\000h}{part.12}% 21
\BOOKMARK [-1][]{part.33}{\376\377\000I\000I\000\040\000D\000e\000s\000i\000g\000n}{}% 22
\BOOKMARK [0][-]{chapter.34}{\376\377\0004\000\040\000M\000e\000t\000h\000o\000d\000o\000l\000o\000g\000y}{part.33}% 23
\BOOKMARK [1][-]{section.35}{\376\377\0004\000.\0001\000\040\000I\000n\000t\000r\000o\000d\000u\000c\000t\000i\000o\000n}{chapter.34}% 24
\BOOKMARK [1][-]{section.36}{\376\377\0004\000.\0002\000\040\000U\000s\000e\000r\000-\000c\000e\000n\000t\000e\000r\000e\000d\000\040\000d\000e\000s\000i\000g\000n}{chapter.34}% 25
\BOOKMARK [1][-]{section.37}{\376\377\0004\000.\0003\000\040\000E\000s\000t\000a\000b\000l\000i\000s\000h\000i\000n\000g\000\040\000r\000e\000q\000u\000i\000r\000e\000m\000e\000n\000t\000s}{chapter.34}% 26
\BOOKMARK [2][-]{subsection.38}{\376\377\0004\000.\0003\000.\0001\000\040\000S\000t\000a\000k\000e\000h\000o\000l\000d\000e\000r\000\040\000i\000d\000e\000n\000t\000i\000f\000i\000c\000a\000t\000i\000o\000n}{section.37}% 27
\BOOKMARK [2][-]{subsection.39}{\376\377\0004\000.\0003\000.\0002\000\040\000S\000t\000a\000k\000e\000h\000o\000l\000d\000e\000r\000\040\000i\000n\000t\000e\000r\000v\000i\000e\000w\000s}{section.37}% 28
\BOOKMARK [2][-]{subsection.40}{\376\377\0004\000.\0003\000.\0003\000\040\000F\000o\000c\000u\000s\000\040\000g\000r\000o\000u\000p}{section.37}% 29
\BOOKMARK [2][-]{subsection.41}{\376\377\0004\000.\0003\000.\0004\000\040\000U\000s\000e\000r\000\040\000r\000e\000q\000u\000i\000r\000e\000m\000e\000n\000t\000s\000\040\000a\000n\000a\000l\000y\000s\000i\000s}{section.37}% 30
\BOOKMARK [2][-]{subsection.42}{\376\377\0004\000.\0003\000.\0005\000\040\000U\000s\000e\000\040\000c\000a\000s\000e\000s}{section.37}% 31
\BOOKMARK [1][-]{section.43}{\376\377\0004\000.\0004\000\040\000C\000o\000n\000c\000e\000p\000t\000u\000a\000l\000\040\000m\000o\000d\000e\000l}{chapter.34}% 32
\BOOKMARK [1][-]{section.44}{\376\377\0004\000.\0005\000\040\000D\000e\000s\000i\000g\000n\000\040\000g\000u\000i\000d\000e\000l\000i\000n\000e\000s}{chapter.34}% 33
\BOOKMARK [1][-]{section.53}{\376\377\0004\000.\0006\000\040\000P\000a\000r\000t\000i\000c\000i\000p\000a\000t\000o\000r\000y\000\040\000d\000e\000s\000i\000g\000n}{chapter.34}% 34
\BOOKMARK [1][-]{section.54}{\376\377\0004\000.\0007\000\040\000E\000v\000a\000l\000u\000a\000t\000i\000o\000n}{chapter.34}% 35
\BOOKMARK [2][-]{subsection.55}{\376\377\0004\000.\0007\000.\0001\000\040\000U\000s\000a\000b\000i\000l\000i\000t\000y\000\040\000t\000e\000s\000t\000i\000n\000g}{section.54}% 36
\BOOKMARK [2][-]{subsection.56}{\376\377\0004\000.\0007\000.\0002\000\040\000Q\000U\000I\000S\000\040\000q\000u\000e\000s\000t\000i\000o\000n\000n\000a\000i\000r\000e}{section.54}% 37
\BOOKMARK [2][-]{subsection.57}{\376\377\0004\000.\0007\000.\0003\000\040\000H\000u\000e\000r\000i\000s\000t\000i\000c\000\040\000e\000v\000a\000l\000u\000a\000t\000i\000o\000n}{section.54}% 38
\BOOKMARK [0][-]{chapter.59}{\376\377\0005\000\040\000T\000h\000e\000\040\000P\000a\000r\000t\000i\000c\000i\000p\000a\000t\000o\000r\000y\000\040\000D\000e\000s\000i\000g\000n\000\040\000P\000r\000o\000c\000e\000s\000s}{part.33}% 39
\BOOKMARK [1][-]{section.60}{\376\377\0005\000.\0001\000\040\000S\000e\000s\000s\000i\000o\000n\000\040\0001}{chapter.59}% 40
\BOOKMARK [2][-]{subsection.61}{\376\377\0005\000.\0001\000.\0001\000\040\000F\000i\000l\000t\000e\000r\000\040\000p\000a\000r\000a\000m\000e\000t\000e\000r\000s}{section.60}% 41
\BOOKMARK [2][-]{subsection.62}{\376\377\0005\000.\0001\000.\0002\000\040\000F\000i\000r\000s\000t\000\040\000i\000n\000t\000e\000r\000f\000a\000c\000e}{section.60}% 42
\BOOKMARK [2][-]{subsection.64}{\376\377\0005\000.\0001\000.\0003\000\040\000S\000e\000c\000o\000n\000d\000\040\000i\000n\000t\000e\000r\000f\000a\000c\000e}{section.60}% 43
\BOOKMARK [2][-]{subsection.66}{\376\377\0005\000.\0001\000.\0004\000\040\000B\000e\000h\000a\000v\000i\000o\000u\000r}{section.60}% 44
\BOOKMARK [2][-]{subsection.67}{\376\377\0005\000.\0001\000.\0005\000\040\000S\000a\000v\000i\000n\000g\000\040\000f\000i\000l\000t\000e\000r\000s\000\040\000a\000n\000d\000\040\000a\000\040\000u\000s\000e\000r\000'\000s\000\040\000l\000a\000s\000t\000\040\000v\000i\000e\000w}{section.60}% 45
\BOOKMARK [2][-]{subsection.68}{\376\377\0005\000.\0001\000.\0006\000\040\000I\000s\000s\000u\000e\000\040\000t\000r\000a\000c\000k\000i\000n\000g}{section.60}% 46
\BOOKMARK [1][-]{section.69}{\376\377\0005\000.\0002\000\040\000S\000e\000s\000s\000i\000o\000n\000\040\0002}{chapter.59}% 47
\BOOKMARK [2][-]{subsection.70}{\376\377\0005\000.\0002\000.\0001\000\040\000D\000i\000s\000p\000l\000a\000y\000i\000n\000g\000\040\000r\000e\000s\000u\000l\000t\000s}{section.69}% 48
\BOOKMARK [2][-]{subsection.71}{\376\377\0005\000.\0002\000.\0002\000\040\000D\000e\000t\000a\000i\000l\000e\000d\000\040\000r\000e\000s\000u\000l\000t\000s}{section.69}% 49
\BOOKMARK [2][-]{subsection.72}{\376\377\0005\000.\0002\000.\0003\000\040\000R\000e\000f\000i\000n\000e\000d\000\040\000f\000i\000l\000t\000e\000r\000s}{section.69}% 50
\BOOKMARK [1][-]{section.73}{\376\377\0005\000.\0003\000\040\000C\000o\000n\000s\000o\000l\000i\000d\000a\000t\000e\000d\000\040\000p\000r\000o\000t\000o\000t\000y\000p\000e}{chapter.59}% 51
\BOOKMARK [2][-]{subsection.75}{\376\377\0005\000.\0003\000.\0001\000\040\000D\000e\000s\000c\000r\000i\000p\000t\000i\000o\000n\000\040\000o\000f\000\040\000i\000n\000t\000e\000r\000f\000a\000c\000e}{section.73}% 52
\BOOKMARK [1][-]{section.85}{\376\377\0005\000.\0004\000\040\000D\000i\000s\000c\000u\000s\000s\000i\000o\000n}{chapter.59}% 53
\BOOKMARK [0][-]{chapter.86}{\376\377\0006\000\040\000B\000u\000i\000l\000d\000i\000n\000g\000\040\000a\000\040\000H\000i\000g\000h\000-\000f\000i\000d\000e\000l\000i\000t\000y\000\040\000P\000r\000o\000t\000o\000t\000y\000p\000e}{part.33}% 54
\BOOKMARK [1][-]{section.90}{\376\377\0006\000.\0001\000\040\000T\000h\000e\000\040\000h\000i\000g\000h\000-\000f\000i\000d\000e\000l\000i\000t\000y\000\040\000p\000r\000o\000t\000o\000t\000y\000p\000e}{chapter.86}% 55
\BOOKMARK [2][-]{subsection.91}{\376\377\0006\000.\0001\000.\0001\000\040\000T\000e\000c\000h\000n\000i\000c\000a\000l\000\040\000d\000e\000t\000a\000i\000l\000s}{section.90}% 56
\BOOKMARK [2][-]{subsection.98}{\376\377\0006\000.\0001\000.\0002\000\040\000B\000e\000h\000a\000v\000i\000o\000u\000r}{section.90}% 57
\BOOKMARK [1][-]{section.105}{\376\377\0006\000.\0002\000\040\000H\000o\000w\000\040\000a\000n\000d\000\040\000w\000h\000y\000\040\000t\000h\000e\000\040\000h\000i\000g\000h\000-\000f\000i\000d\000e\000l\000i\000t\000y\000\040\000p\000r\000o\000t\000o\000t\000y\000p\000e\000\040\000d\000i\000f\000f\000e\000r\000s\000\040\000f\000r\000o\000m\000\040\000t\000h\000e\000\040\000p\000a\000p\000e\000r\000\040\000p\000r\000o\000t\000o\000t\000y\000p\000e}{chapter.86}% 58
\BOOKMARK [1][-]{section.121}{\376\377\0006\000.\0003\000\040\000D\000i\000s\000c\000u\000s\000s\000i\000o\000n}{chapter.86}% 59
\BOOKMARK [-1][]{part.122}{\376\377\000I\000I\000I\000\040\000E\000v\000a\000l\000u\000a\000t\000i\000o\000n\000\040\000a\000n\000d\000\040\000I\000m\000p\000r\000o\000v\000e\000m\000e\000n\000t\000s}{}% 60
\BOOKMARK [0][-]{chapter.123}{\376\377\0007\000\040\000E\000v\000a\000l\000u\000a\000t\000i\000o\000n\000\040\000a\000n\000d\000\040\000I\000m\000p\000r\000o\000v\000e\000m\000e\000n\000t\000s}{part.122}% 61
\BOOKMARK [1][-]{section.124}{\376\377\0007\000.\0001\000\040\000F\000o\000r\000m\000a\000t\000i\000v\000e\000\040\000e\000v\000a\000l\000u\000a\000t\000i\000o\000n}{chapter.123}% 62
\BOOKMARK [2][-]{subsection.159}{\376\377\0007\000.\0001\000.\0001\000\040\000U\000s\000a\000b\000i\000l\000i\000t\000y\000\040\000t\000e\000s\000t\000\040\000r\000e\000s\000u\000l\000t\000s}{section.124}% 63
\BOOKMARK [1][-]{section.160}{\376\377\0007\000.\0002\000\040\000I\000m\000p\000r\000o\000v\000e\000m\000e\000n\000t\000s\000\040\000t\000o\000\040\000t\000h\000e\000\040\000p\000r\000o\000t\000o\000t\000y\000p\000e}{chapter.123}% 64
\BOOKMARK [2][-]{subsection.161}{\376\377\0007\000.\0002\000.\0001\000\040\000C\000h\000e\000c\000k\000b\000o\000x\000\040\000b\000e\000h\000a\000v\000i\000o\000u\000r}{section.160}% 65
\BOOKMARK [2][-]{subsection.164}{\376\377\0007\000.\0002\000.\0002\000\040\000T\000a\000b\000l\000e\000\040\000r\000e\000l\000o\000a\000d\000\040\000s\000p\000e\000e\000d}{section.160}% 66
\BOOKMARK [2][-]{subsection.165}{\376\377\0007\000.\0002\000.\0003\000\040\000C\000u\000r\000s\000o\000r\000s}{section.160}% 67
\BOOKMARK [2][-]{subsection.166}{\376\377\0007\000.\0002\000.\0004\000\040\000S\000o\000r\000t\000\040\000i\000c\000o\000n\000s}{section.160}% 68
\BOOKMARK [2][-]{subsection.169}{\376\377\0007\000.\0002\000.\0005\000\040\000R\000e\000s\000e\000t\000\040\000b\000u\000t\000t\000o\000n}{section.160}% 69
\BOOKMARK [2][-]{subsection.172}{\376\377\0007\000.\0002\000.\0006\000\040\000U\000s\000e\000r\000n\000a\000m\000e\000\040\000s\000e\000a\000r\000c\000h\000\040\000b\000o\000x}{section.160}% 70
\BOOKMARK [2][-]{subsection.175}{\376\377\0007\000.\0002\000.\0007\000\040\000C\000l\000o\000s\000i\000n\000g\000\040\000t\000h\000e\000\040\000d\000e\000t\000a\000i\000l\000e\000d\000\040\000v\000i\000e\000w\000\040\000o\000v\000e\000r\000l\000a\000y}{section.160}% 71
\BOOKMARK [2][-]{subsection.176}{\376\377\0007\000.\0002\000.\0008\000\040\000B\000u\000g\000\040\000f\000i\000x\000e\000s}{section.160}% 72
\BOOKMARK [3][-]{subsubsection.177}{\376\377\0007\000.\0002\000.\0008\000.\0001\000\040\000D\000a\000t\000a\000T\000a\000b\000l\000e\000s\000\040\000C\000S\000S\000\040\000b\000u\000g}{subsection.176}% 73
\BOOKMARK [3][-]{subsubsection.178}{\376\377\0007\000.\0002\000.\0008\000.\0002\000\040\000T\000a\000b\000l\000e\000\040\000r\000o\000w\000\040\000o\000n\000c\000l\000i\000c\000k\000\040\000b\000u\000g}{subsection.176}% 74
\BOOKMARK [3][-]{subsubsection.179}{\376\377\0007\000.\0002\000.\0008\000.\0003\000\040\000U\000s\000e\000r\000n\000a\000m\000e\000\040\000s\000e\000a\000r\000c\000h\000\040\000c\000a\000c\000h\000i\000n\000g\000\040\000i\000s\000s\000u\000e}{subsection.176}% 75
\BOOKMARK [3][-]{subsubsection.180}{\376\377\0007\000.\0002\000.\0008\000.\0004\000\040\000D\000a\000t\000e\000\040\000c\000o\000n\000v\000e\000r\000s\000i\000o\000n\000/\000s\000o\000r\000t\000i\000n\000g}{subsection.176}% 76
\BOOKMARK [2][-]{subsection.181}{\376\377\0007\000.\0002\000.\0009\000\040\000D\000i\000s\000c\000u\000s\000s\000i\000o\000n}{section.160}% 77
\BOOKMARK [1][-]{section.183}{\376\377\0007\000.\0003\000\040\000S\000u\000m\000m\000a\000t\000i\000v\000e\000\040\000e\000v\000a\000l\000u\000a\000t\000i\000o\000n}{chapter.123}% 78
\BOOKMARK [2][-]{subsection.184}{\376\377\0007\000.\0003\000.\0001\000\040\000U\000s\000a\000b\000i\000l\000i\000t\000y\000\040\000t\000e\000s\000t\000\040\000r\000e\000s\000u\000l\000t\000s}{section.183}% 79
\BOOKMARK [2][-]{subsection.185}{\376\377\0007\000.\0003\000.\0002\000\040\000Q\000U\000I\000S\0007\000\040\000q\000u\000e\000s\000t\000i\000o\000n\000n\000a\000i\000r\000e}{section.183}% 80
\BOOKMARK [2][-]{subsection.186}{\376\377\0007\000.\0003\000.\0003\000\040\000H\000e\000u\000r\000i\000s\000t\000i\000c\000\040\000e\000v\000a\000l\000u\000a\000t\000i\000o\000n}{section.183}% 81
\BOOKMARK [1][-]{section.197}{\376\377\0007\000.\0004\000\040\000D\000i\000s\000c\000u\000s\000s\000i\000o\000n}{chapter.123}% 82
\BOOKMARK [0][-]{chapter.198}{\376\377\0008\000\040\000C\000o\000n\000c\000l\000u\000s\000i\000o\000n}{part.122}% 83
\BOOKMARK [1][-]{section.199}{\376\377\0008\000.\0001\000\040\000C\000o\000n\000c\000l\000u\000s\000i\000o\000n}{chapter.198}% 84
\BOOKMARK [1][-]{section.200}{\376\377\0008\000.\0002\000\040\000F\000u\000t\000u\000r\000e\000\040\000w\000o\000r\000k}{chapter.198}% 85
\BOOKMARK [0][-]{dummy.201}{\376\377\000B\000i\000b\000l\000i\000o\000g\000r\000a\000p\000h\000y}{part.122}% 86
